#
# There is insufficient memory for the Java Runtime Environment to continue.
# Native memory allocation (malloc) failed to allocate 384576 bytes for Chunk::new
# Possible reasons:
#   The system is out of physical RAM or swap space
#   The process is running with CompressedOops enabled, and the Java Heap may be blocking the growth of the native heap
# Possible solutions:
#   Reduce memory load on the system
#   Increase physical memory or swap space
#   Check if swap backing store is full
#   Decrease Java heap size (-Xmx/-Xms)
#   Decrease number of Java threads
#   Decrease Java thread stack sizes (-Xss)
#   Set larger code cache with -XX:ReservedCodeCacheSize=
#   JVM is running with Unscaled Compressed Oops mode in which the Java heap is
#     placed in the first 4GB address space. The Java Heap base address is the
#     maximum limit for the native heap growth. Please use -XX:HeapBaseMinAddress
#     to set the Java Heap base and to place the Java Heap above 4GB virtual address.
# This output file may be truncated or incomplete.
#
#  Out of Memory Error (c:/cygwin64/tmp/openjdk-jdk11u-windows-x64-hotspot/workspace/build/src/src/hotspot/share/memory/arena.cpp:197), pid=6268, tid=4736
#
# JRE version: OpenJDK Runtime Environment (11.0.6+10) (build 11.0.6+10)
# Java VM: OpenJDK 64-Bit Server VM (11.0.6+10, mixed mode, tiered, compressed oops, g1 gc, windows-amd64)
# No core dump will be written. Minidumps are not enabled by default on client versions of Windows
#

---------------  S U M M A R Y ------------

Command Line: -Dapp.url=http://localhost:8080 -Ddb.url -Dlogin=user -Dorg.gradle.native=false -Dpassword=pass -Dselenide.headless -Xmx512m -Dfile.encoding=windows-1251 -Duser.country=RU -Duser.language=ru -Duser.variant -ea worker.org.gradle.process.internal.worker.GradleWorkerMain 'Gradle Test Executor 1'

Host: Intel(R) Core(TM) i3-6006U CPU @ 2.00GHz, 4 cores, 3G,  Windows 8.1 , 64 bit Build 9600 (6.3.9600.19719)
Time: Fri Jul 10 10:01:15 2020 RTZ 4 (ceia) elapsed time: 3 seconds (0d 0h 0m 3s)

---------------  T H R E A D  ---------------

Current thread (0x000000417fb75000):  JavaThread "C2 CompilerThread1" daemon [_thread_in_native, id=4736, stack(0x000000417fe20000,0x000000417ff20000)]


Current CompileTask:
C2:   3025  929  s!   4       jdk.internal.loader.URLClassPath::getLoader (194 bytes)

Stack: [0x000000417fe20000,0x000000417ff20000]
Native frames: (J=compiled Java code, j=interpreted, Vv=VM code, C=native code)
V  [jvm.dll+0x5db25a]
V  [jvm.dll+0x7111de]
V  [jvm.dll+0x712877]
V  [jvm.dll+0x712f43]
V  [jvm.dll+0x23fe78]
V  [jvm.dll+0xb8f0c]
V  [jvm.dll+0xb949c]
V  [jvm.dll+0x2af924]
V  [jvm.dll+0x4fc57f]
V  [jvm.dll+0x1fb6f7]
V  [jvm.dll+0x1f8ddf]
V  [jvm.dll+0x17d96c]
V  [jvm.dll+0x2080b7]
V  [jvm.dll+0x20639b]
V  [jvm.dll+0x6d70bc]
V  [jvm.dll+0x6d01ec]
V  [jvm.dll+0x5da1e6]
C  [ucrtbase.DLL+0x1c1ae]
C  [KERNEL32.DLL+0x1412]
C  [ntdll.dll+0x154f4]


---------------  P R O C E S S  ---------------

Threads class SMR info:
_java_thread_list=0x000000417fc507a0, length=14, elements={
0x00000041719d8800, 0x000000417dcdb800, 0x000000417dce5000, 0x000000417e962800,
0x000000417dcf9000, 0x000000417dcfc000, 0x000000417dcff000, 0x000000417dd0d000,
0x000000417eac3000, 0x000000417ea8e000, 0x000000417f9a4800, 0x000000417fb75000,
0x000000417fb65800, 0x000000417fbb7000
}

Java Threads: ( => current thread )
  0x00000041719d8800 JavaThread "main" [_thread_blocked, id=2784, stack(0x0000004171080000,0x0000004171180000)]
  0x000000417dcdb800 JavaThread "Reference Handler" daemon [_thread_blocked, id=8420, stack(0x000000417e640000,0x000000417e740000)]
  0x000000417dce5000 JavaThread "Finalizer" daemon [_thread_blocked, id=6880, stack(0x000000417e740000,0x000000417e840000)]
  0x000000417e962800 JavaThread "Signal Dispatcher" daemon [_thread_blocked, id=8596, stack(0x000000417ed20000,0x000000417ee20000)]
  0x000000417dcf9000 JavaThread "Attach Listener" daemon [_thread_blocked, id=9172, stack(0x000000417ee20000,0x000000417ef20000)]
  0x000000417dcfc000 JavaThread "C2 CompilerThread0" daemon [_thread_in_native, id=4512, stack(0x000000417ef20000,0x000000417f020000)]
  0x000000417dcff000 JavaThread "C1 CompilerThread0" daemon [_thread_blocked, id=4292, stack(0x000000417f020000,0x000000417f120000)]
  0x000000417dd0d000 JavaThread "Sweeper thread" daemon [_thread_blocked, id=3576, stack(0x000000417f120000,0x000000417f220000)]
  0x000000417eac3000 JavaThread "Service Thread" daemon [_thread_blocked, id=6812, stack(0x000000417f220000,0x000000417f320000)]
  0x000000417ea8e000 JavaThread "Common-Cleaner" daemon [_thread_blocked, id=3020, stack(0x000000417f420000,0x000000417f520000)]
  0x000000417f9a4800 JavaThread "Test worker" [_thread_in_Java, id=9148, stack(0x000000410f300000,0x000000410f400000)]
=>0x000000417fb75000 JavaThread "C2 CompilerThread1" daemon [_thread_in_native, id=4736, stack(0x000000417fe20000,0x000000417ff20000)]
  0x000000417fb65800 JavaThread "/127.0.0.1:58930 to /127.0.0.1:58927 workers Thread 2" [_thread_blocked, id=9152, stack(0x00000041106b0000,0x00000041107b0000)]
  0x000000417fbb7000 JavaThread "/127.0.0.1:58930 to /127.0.0.1:58927 workers Thread 3" [_thread_in_native, id=6940, stack(0x00000041107b0000,0x00000041108b0000)]

Other Threads:
  0x000000417dcb2800 VMThread "VM Thread" [stack: 0x000000417e540000,0x000000417e640000] [id=7600]
  0x000000417eac7000 WatcherThread [stack: 0x000000417f320000,0x000000417f420000] [id=4984]
  0x00000041719f1000 GCTaskThread "GC Thread#0" [stack: 0x0000004171370000,0x0000004171470000] [id=2296]
  0x000000417f54d000 GCTaskThread "GC Thread#1" [stack: 0x000000417fd20000,0x000000417fe20000] [id=1252]
  0x000000417fca8800 GCTaskThread "GC Thread#2" [stack: 0x0000004110ab0000,0x0000004110bb0000] [id=8040]
  0x000000417fbb8000 GCTaskThread "GC Thread#3" [stack: 0x0000004110bb0000,0x0000004110cb0000] [id=6776]
  0x0000004171a00800 ConcurrentGCThread "G1 Main Marker" [stack: 0x000000417b300000,0x000000417b400000] [id=2304]
  0x0000004171a02000 ConcurrentGCThread "G1 Conc#0" [stack: 0x000000417b400000,0x000000417b500000] [id=6856]
  0x0000004171a5f000 ConcurrentGCThread "G1 Refine#0" [stack: 0x000000417d940000,0x000000417da40000] [id=8716]
  0x0000004171a60000 ConcurrentGCThread "G1 Young RemSet Sampling" [stack: 0x000000417da40000,0x000000417db40000] [id=6288]

Threads with active compile tasks:
C2 CompilerThread0   3140 1005       4       java.util.HashMap::putVal (300 bytes)
C2 CompilerThread1   3140  929  s!   4       jdk.internal.loader.URLClassPath::getLoader (194 bytes)

VM state:not at safepoint (normal execution)

VM Mutex/Monitor currently owned by a thread: None

Heap address: 0x00000000e0000000, size: 512 MB, Compressed Oops mode: 32-bit
Narrow klass base: 0x0000000000000000, Narrow klass shift: 3
Compressed class space size: 1073741824 Address: 0x0000000100000000

Heap:
 garbage-first heap   total 65536K, used 6846K [0x00000000e0000000, 0x0000000100000000)
  region size 1024K, 3 young (3072K), 1 survivors (1024K)
 Metaspace       used 13065K, capacity 13431K, committed 13568K, reserved 1060864K
  class space    used 1418K, capacity 1535K, committed 1536K, reserved 1048576K
Heap Regions: E=young(eden), S=young(survivor), O=old, HS=humongous(starts), HC=humongous(continues), CS=collection set, F=free, A=archive, TAMS=top-at-mark-start (previous, next)
|   0|0x00000000e0000000, 0x00000000e0100000, 0x00000000e0100000|100%| O|  |TAMS 0x00000000e0000000, 0x00000000e0000000| Untracked 
|   1|0x00000000e0100000, 0x00000000e0200000, 0x00000000e0200000|100%| O|  |TAMS 0x00000000e0100000, 0x00000000e0100000| Untracked 
|   2|0x00000000e0200000, 0x00000000e0300000, 0x00000000e0300000|100%| O|  |TAMS 0x00000000e0200000, 0x00000000e0200000| Untracked 
|   3|0x00000000e0300000, 0x00000000e0400000, 0x00000000e0400000|100%| O|  |TAMS 0x00000000e0300000, 0x00000000e0300000| Untracked 
|   4|0x00000000e0400000, 0x00000000e04bf200, 0x00000000e0500000| 74%| O|  |TAMS 0x00000000e0400000, 0x00000000e0400000| Untracked 
|   5|0x00000000e0500000, 0x00000000e0500000, 0x00000000e0600000|  0%| F|  |TAMS 0x00000000e0500000, 0x00000000e0500000| Untracked 
|   6|0x00000000e0600000, 0x00000000e0600000, 0x00000000e0700000|  0%| F|  |TAMS 0x00000000e0600000, 0x00000000e0600000| Untracked 
|   7|0x00000000e0700000, 0x00000000e0700000, 0x00000000e0800000|  0%| F|  |TAMS 0x00000000e0700000, 0x00000000e0700000| Untracked 
|   8|0x00000000e0800000, 0x00000000e0800000, 0x00000000e0900000|  0%| F|  |TAMS 0x00000000e0800000, 0x00000000e0800000| Untracked 
|   9|0x00000000e0900000, 0x00000000e0900000, 0x00000000e0a00000|  0%| F|  |TAMS 0x00000000e0900000, 0x00000000e0900000| Untracked 
|  10|0x00000000e0a00000, 0x00000000e0a00000, 0x00000000e0b00000|  0%| F|  |TAMS 0x00000000e0a00000, 0x00000000e0a00000| Untracked 
|  11|0x00000000e0b00000, 0x00000000e0b00000, 0x00000000e0c00000|  0%| F|  |TAMS 0x00000000e0b00000, 0x00000000e0b00000| Untracked 
|  12|0x00000000e0c00000, 0x00000000e0c00000, 0x00000000e0d00000|  0%| F|  |TAMS 0x00000000e0c00000, 0x00000000e0c00000| Untracked 
|  13|0x00000000e0d00000, 0x00000000e0d00000, 0x00000000e0e00000|  0%| F|  |TAMS 0x00000000e0d00000, 0x00000000e0d00000| Untracked 
|  14|0x00000000e0e00000, 0x00000000e0e00000, 0x00000000e0f00000|  0%| F|  |TAMS 0x00000000e0e00000, 0x00000000e0e00000| Untracked 
|  15|0x00000000e0f00000, 0x00000000e0f00000, 0x00000000e1000000|  0%| F|  |TAMS 0x00000000e0f00000, 0x00000000e0f00000| Untracked 
|  16|0x00000000e1000000, 0x00000000e1000000, 0x00000000e1100000|  0%| F|  |TAMS 0x00000000e1000000, 0x00000000e1000000| Untracked 
|  17|0x00000000e1100000, 0x00000000e1100000, 0x00000000e1200000|  0%| F|  |TAMS 0x00000000e1100000, 0x00000000e1100000| Untracked 
|  18|0x00000000e1200000, 0x00000000e1200000, 0x00000000e1300000|  0%| F|  |TAMS 0x00000000e1200000, 0x00000000e1200000| Untracked 
|  19|0x00000000e1300000, 0x00000000e1300000, 0x00000000e1400000|  0%| F|  |TAMS 0x00000000e1300000, 0x00000000e1300000| Untracked 
|  20|0x00000000e1400000, 0x00000000e1400000, 0x00000000e1500000|  0%| F|  |TAMS 0x00000000e1400000, 0x00000000e1400000| Untracked 
|  21|0x00000000e1500000, 0x00000000e1500000, 0x00000000e1600000|  0%| F|  |TAMS 0x00000000e1500000, 0x00000000e1500000| Untracked 
|  22|0x00000000e1600000, 0x00000000e1600000, 0x00000000e1700000|  0%| F|  |TAMS 0x00000000e1600000, 0x00000000e1600000| Untracked 
|  23|0x00000000e1700000, 0x00000000e1700000, 0x00000000e1800000|  0%| F|  |TAMS 0x00000000e1700000, 0x00000000e1700000| Untracked 
|  24|0x00000000e1800000, 0x00000000e1800000, 0x00000000e1900000|  0%| F|  |TAMS 0x00000000e1800000, 0x00000000e1800000| Untracked 
|  25|0x00000000e1900000, 0x00000000e1900000, 0x00000000e1a00000|  0%| F|  |TAMS 0x00000000e1900000, 0x00000000e1900000| Untracked 
|  26|0x00000000e1a00000, 0x00000000e1a00000, 0x00000000e1b00000|  0%| F|  |TAMS 0x00000000e1a00000, 0x00000000e1a00000| Untracked 
|  27|0x00000000e1b00000, 0x00000000e1b00000, 0x00000000e1c00000|  0%| F|  |TAMS 0x00000000e1b00000, 0x00000000e1b00000| Untracked 
|  28|0x00000000e1c00000, 0x00000000e1c00000, 0x00000000e1d00000|  0%| F|  |TAMS 0x00000000e1c00000, 0x00000000e1c00000| Untracked 
|  29|0x00000000e1d00000, 0x00000000e1d00000, 0x00000000e1e00000|  0%| F|  |TAMS 0x00000000e1d00000, 0x00000000e1d00000| Untracked 
|  30|0x00000000e1e00000, 0x00000000e1e00000, 0x00000000e1f00000|  0%| F|  |TAMS 0x00000000e1e00000, 0x00000000e1e00000| Untracked 
|  31|0x00000000e1f00000, 0x00000000e1f00000, 0x00000000e2000000|  0%| F|  |TAMS 0x00000000e1f00000, 0x00000000e1f00000| Untracked 
|  32|0x00000000e2000000, 0x00000000e2000000, 0x00000000e2100000|  0%| F|  |TAMS 0x00000000e2000000, 0x00000000e2000000| Untracked 
|  33|0x00000000e2100000, 0x00000000e2100000, 0x00000000e2200000|  0%| F|  |TAMS 0x00000000e2100000, 0x00000000e2100000| Untracked 
|  34|0x00000000e2200000, 0x00000000e2200000, 0x00000000e2300000|  0%| F|  |TAMS 0x00000000e2200000, 0x00000000e2200000| Untracked 
|  35|0x00000000e2300000, 0x00000000e2300000, 0x00000000e2400000|  0%| F|  |TAMS 0x00000000e2300000, 0x00000000e2300000| Untracked 
|  36|0x00000000e2400000, 0x00000000e2400000, 0x00000000e2500000|  0%| F|  |TAMS 0x00000000e2400000, 0x00000000e2400000| Untracked 
|  37|0x00000000e2500000, 0x00000000e2500000, 0x00000000e2600000|  0%| F|  |TAMS 0x00000000e2500000, 0x00000000e2500000| Untracked 
|  38|0x00000000e2600000, 0x00000000e2600000, 0x00000000e2700000|  0%| F|  |TAMS 0x00000000e2600000, 0x00000000e2600000| Untracked 
|  39|0x00000000e2700000, 0x00000000e2700000, 0x00000000e2800000|  0%| F|  |TAMS 0x00000000e2700000, 0x00000000e2700000| Untracked 
|  40|0x00000000e2800000, 0x00000000e2800000, 0x00000000e2900000|  0%| F|  |TAMS 0x00000000e2800000, 0x00000000e2800000| Untracked 
|  41|0x00000000e2900000, 0x00000000e2900000, 0x00000000e2a00000|  0%| F|  |TAMS 0x00000000e2900000, 0x00000000e2900000| Untracked 
|  42|0x00000000e2a00000, 0x00000000e2a00000, 0x00000000e2b00000|  0%| F|  |TAMS 0x00000000e2a00000, 0x00000000e2a00000| Untracked 
|  43|0x00000000e2b00000, 0x00000000e2b00000, 0x00000000e2c00000|  0%| F|  |TAMS 0x00000000e2b00000, 0x00000000e2b00000| Untracked 
|  44|0x00000000e2c00000, 0x00000000e2c00000, 0x00000000e2d00000|  0%| F|  |TAMS 0x00000000e2c00000, 0x00000000e2c00000| Untracked 
|  45|0x00000000e2d00000, 0x00000000e2d00000, 0x00000000e2e00000|  0%| F|  |TAMS 0x00000000e2d00000, 0x00000000e2d00000| Untracked 
|  46|0x00000000e2e00000, 0x00000000e2e00000, 0x00000000e2f00000|  0%| F|  |TAMS 0x00000000e2e00000, 0x00000000e2e00000| Untracked 
|  47|0x00000000e2f00000, 0x00000000e2f00000, 0x00000000e3000000|  0%| F|  |TAMS 0x00000000e2f00000, 0x00000000e2f00000| Untracked 
|  48|0x00000000e3000000, 0x00000000e3000000, 0x00000000e3100000|  0%| F|  |TAMS 0x00000000e3000000, 0x00000000e3000000| Untracked 
|  49|0x00000000e3100000, 0x00000000e3100000, 0x00000000e3200000|  0%| F|  |TAMS 0x00000000e3100000, 0x00000000e3100000| Untracked 
|  50|0x00000000e3200000, 0x00000000e3200000, 0x00000000e3300000|  0%| F|  |TAMS 0x00000000e3200000, 0x00000000e3200000| Untracked 
|  51|0x00000000e3300000, 0x00000000e3300000, 0x00000000e3400000|  0%| F|  |TAMS 0x00000000e3300000, 0x00000000e3300000| Untracked 
|  52|0x00000000e3400000, 0x00000000e3400000, 0x00000000e3500000|  0%| F|  |TAMS 0x00000000e3400000, 0x00000000e3400000| Untracked 
|  53|0x00000000e3500000, 0x00000000e3500000, 0x00000000e3600000|  0%| F|  |TAMS 0x00000000e3500000, 0x00000000e3500000| Untracked 
|  54|0x00000000e3600000, 0x00000000e36f09d8, 0x00000000e3700000| 93%| S|CS|TAMS 0x00000000e3600000, 0x00000000e3600000| Complete 
|  55|0x00000000e3700000, 0x00000000e3700000, 0x00000000e3800000|  0%| F|  |TAMS 0x00000000e3700000, 0x00000000e3700000| Untracked 
|  56|0x00000000e3800000, 0x00000000e3800000, 0x00000000e3900000|  0%| F|  |TAMS 0x00000000e3800000, 0x00000000e3800000| Untracked 
|  57|0x00000000e3900000, 0x00000000e3900000, 0x00000000e3a00000|  0%| F|  |TAMS 0x00000000e3900000, 0x00000000e3900000| Untracked 
|  58|0x00000000e3a00000, 0x00000000e3a00000, 0x00000000e3b00000|  0%| F|  |TAMS 0x00000000e3a00000, 0x00000000e3a00000| Untracked 
|  59|0x00000000e3b00000, 0x00000000e3b00000, 0x00000000e3c00000|  0%| F|  |TAMS 0x00000000e3b00000, 0x00000000e3b00000| Untracked 
|  60|0x00000000e3c00000, 0x00000000e3c00000, 0x00000000e3d00000|  0%| F|  |TAMS 0x00000000e3c00000, 0x00000000e3c00000| Untracked 
|  61|0x00000000e3d00000, 0x00000000e3d00000, 0x00000000e3e00000|  0%| F|  |TAMS 0x00000000e3d00000, 0x00000000e3d00000| Untracked 
|  62|0x00000000e3e00000, 0x00000000e3ec9e70, 0x00000000e3f00000| 78%| E|  |TAMS 0x00000000e3e00000, 0x00000000e3e00000| Complete 
|  63|0x00000000e3f00000, 0x00000000e4000000, 0x00000000e4000000|100%| E|CS|TAMS 0x00000000e3f00000, 0x00000000e3f00000| Complete 

Card table byte_map: [0x000000417a100000,0x000000417a200000] _byte_map_base: 0x0000004179a00000

Marking Bits (Prev, Next): (CMBitMap*) 0x00000041719fdda8, (CMBitMap*) 0x00000041719fdde0
 Prev Bits: [0x000000417a300000, 0x000000417ab00000)
 Next Bits: [0x000000417ab00000, 0x000000417b300000)

Polling page: 0x000000416fac0000

Metaspace:

Usage:
  Non-class:     11.62 MB capacity,    11.38 MB ( 98%) used,   222.55 KB (  2%) free+waste,    22.38 KB ( <1%) overhead. 
      Class:      1.50 MB capacity,     1.39 MB ( 92%) used,   104.93 KB (  7%) free+waste,    11.13 KB ( <1%) overhead. 
       Both:     13.12 MB capacity,    12.76 MB ( 97%) used,   327.48 KB (  2%) free+waste,    33.50 KB ( <1%) overhead. 

Virtual space:
  Non-class space:       12.00 MB reserved,      11.75 MB ( 98%) committed 
      Class space:        1.00 GB reserved,       1.50 MB ( <1%) committed 
             Both:        1.01 GB reserved,      13.25 MB (  1%) committed 

Chunk freelists:
   Non-Class:  8.00 KB
       Class:  1.00 KB
        Both:  9.00 KB

MaxMetaspaceSize: 17179869184.00 GB
CompressedClassSpaceSize: 1.00 GB

CodeHeap 'non-profiled nmethods': size=120064Kb used=310Kb max_used=310Kb free=119753Kb
 bounds [0x0000004107ac0000, 0x0000004107d30000, 0x000000410f000000]
CodeHeap 'profiled nmethods': size=120000Kb used=1968Kb max_used=1968Kb free=118031Kb
 bounds [0x0000004100590000, 0x0000004100800000, 0x0000004107ac0000]
CodeHeap 'non-nmethods': size=5696Kb used=1097Kb max_used=1097Kb free=4598Kb
 bounds [0x0000004100000000, 0x0000004100270000, 0x0000004100590000]
 total_blobs=1919 nmethods=1014 adapters=300
 compilation: enabled
              stopped_count=0, restarted_count=0
 full_count=0

Compilation events (20 events):
Event: 3.004 Thread 0x000000417dcfc000  950       4       java.lang.StringBuilder::<init> (7 bytes)
Event: 3.004 Thread 0x000000417dcff000  965       3       jdk.internal.org.objectweb.asm.Label::<init> (5 bytes)
Event: 3.004 Thread 0x000000417dcff000 nmethod 965 0x0000004100756c10 code [0x0000004100756dc0, 0x0000004100756f78]
Event: 3.005 Thread 0x000000417dcff000  966       3       java.lang.invoke.MemberName::isMethod (7 bytes)
Event: 3.005 Thread 0x000000417dcff000 nmethod 966 0x0000004100757010 code [0x00000041007571e0, 0x0000004100757478]
Event: 3.006 Thread 0x000000417dcff000  967       3       java.lang.invoke.MethodTypeForm::cachedLambdaForm (44 bytes)
Event: 3.006 Thread 0x000000417dcff000 nmethod 967 0x0000004100757590 code [0x0000004100757760, 0x0000004100757b10]
Event: 3.010 Thread 0x000000417dcff000  970       3       jdk.internal.org.objectweb.asm.MethodWriter::visitLabel (321 bytes)
Event: 3.011 Thread 0x000000417dcfc000 nmethod 950 0x0000004107b0b190 code [0x0000004107b0b320, 0x0000004107b0b4d8]
Event: 3.011 Thread 0x000000417dcfc000  969       4       java.util.HashMap::get (23 bytes)
Event: 3.013 Thread 0x000000417dcff000 nmethod 970 0x0000004100757c10 code [0x0000004100757e80, 0x0000004100758b30]
Event: 3.013 Thread 0x000000417dcff000  971       3       jdk.internal.org.objectweb.asm.MethodWriter::noSuccessor (95 bytes)
Event: 3.015 Thread 0x000000417dcff000 nmethod 971 0x0000004100758e10 code [0x0000004100759020, 0x0000004100759690]
Event: 3.015 Thread 0x000000417dcff000  972       3       jdk.internal.org.objectweb.asm.Label::resolve (214 bytes)
Event: 3.016 Thread 0x000000417dcff000 nmethod 972 0x0000004100759890 code [0x0000004100759a80, 0x0000004100759f98]
Event: 3.016 Thread 0x000000417dcff000  973       3       jdk.internal.org.objectweb.asm.ClassWriter::newNameTypeItem (71 bytes)
Event: 3.018 Thread 0x000000417dcff000 nmethod 973 0x000000410075a290 code [0x000000410075a4c0, 0x000000410075a980]
Event: 3.018 Thread 0x000000417dcff000  975       3       java.security.CodeSource::<init> (52 bytes)
Event: 3.019 Thread 0x000000417dcff000 nmethod 975 0x000000410075ac10 code [0x000000410075ae00, 0x000000410075b3e0]
Event: 3.020 Thread 0x000000417dcff000  976       3       java.security.SecureClassLoader::getProtectionDomain (38 bytes)

GC Heap History (4 events):
Event: 1.349 GC heap before
{Heap before GC invocations=0 (full 0):
 garbage-first heap   total 65536K, used 13312K [0x00000000e0000000, 0x0000000100000000)
  region size 1024K, 14 young (14336K), 0 survivors (0K)
 Metaspace       used 8184K, capacity 8312K, committed 8576K, reserved 1056768K
  class space    used 796K, capacity 854K, committed 896K, reserved 1048576K
}
Event: 1.368 GC heap after
{Heap after GC invocations=1 (full 0):
 garbage-first heap   total 65536K, used 4782K [0x00000000e0000000, 0x0000000100000000)
  region size 1024K, 2 young (2048K), 2 survivors (2048K)
 Metaspace       used 8184K, capacity 8312K, committed 8576K, reserved 1056768K
  class space    used 796K, capacity 854K, committed 896K, reserved 1048576K
}
Event: 2.929 GC heap before
{Heap before GC invocations=1 (full 0):
 garbage-first heap   total 65536K, used 13998K [0x00000000e0000000, 0x0000000100000000)
  region size 1024K, 11 young (11264K), 2 survivors (2048K)
 Metaspace       used 12626K, capacity 13007K, committed 13312K, reserved 1060864K
  class space    used 1358K, capacity 1475K, committed 1536K, reserved 1048576K
}
Event: 2.942 GC heap after
{Heap after GC invocations=2 (full 0):
 garbage-first heap   total 65536K, used 5822K [0x00000000e0000000, 0x0000000100000000)
  region size 1024K, 1 young (1024K), 1 survivors (1024K)
 Metaspace       used 12626K, capacity 13007K, committed 13312K, reserved 1060864K
  class space    used 1358K, capacity 1475K, committed 1536K, reserved 1048576K
}

Deoptimization events (20 events):
Event: 2.314 Thread 0x00000041719d8800 DEOPT PACKING pc=0x0000004107aef234 sp=0x000000417117a100
Event: 2.314 Thread 0x00000041719d8800 DEOPT UNPACKING pc=0x0000004100028f2f sp=0x000000417117a008 mode 2
Event: 2.315 Thread 0x00000041719d8800 Uncommon trap: trap_request=0xffffff4d fr.pc=0x0000004107aed12c relative=0x00000000000003ec
Event: 2.315 Thread 0x00000041719d8800 Uncommon trap: reason=unstable_if action=reinterpret pc=0x0000004107aed12c method=java.lang.AbstractStringBuilder.putStringAt(ILjava/lang/String;)V @ 8 c2
Event: 2.315 Thread 0x00000041719d8800 DEOPT PACKING pc=0x0000004107aed12c sp=0x000000417117a090
Event: 2.315 Thread 0x00000041719d8800 DEOPT UNPACKING pc=0x0000004100028f2f sp=0x000000417117a000 mode 2
Event: 2.341 Thread 0x00000041719d8800 Uncommon trap: trap_request=0xffffff4d fr.pc=0x0000004107ae32a4 relative=0x0000000000000184
Event: 2.341 Thread 0x00000041719d8800 Uncommon trap: reason=unstable_if action=reinterpret pc=0x0000004107ae32a4 method=java.lang.String.equals(Ljava/lang/Object;)Z @ 27 c2
Event: 2.341 Thread 0x00000041719d8800 DEOPT PACKING pc=0x0000004107ae32a4 sp=0x000000417117a0a0
Event: 2.342 Thread 0x00000041719d8800 DEOPT UNPACKING pc=0x0000004100028f2f sp=0x000000417117a040 mode 2
Event: 2.342 Thread 0x00000041719d8800 Uncommon trap: trap_request=0xffffff4d fr.pc=0x0000004107ac1010 relative=0x0000000000000070
Event: 2.342 Thread 0x00000041719d8800 Uncommon trap: reason=unstable_if action=reinterpret pc=0x0000004107ac1010 method=java.lang.String.isLatin1()Z @ 10 c2
Event: 2.342 Thread 0x00000041719d8800 DEOPT PACKING pc=0x0000004107ac1010 sp=0x0000004171179f10
Event: 2.342 Thread 0x00000041719d8800 DEOPT UNPACKING pc=0x0000004100028f2f sp=0x0000004171179e50 mode 2
Event: 2.342 Thread 0x00000041719d8800 Uncommon trap: trap_request=0xffffff4d fr.pc=0x0000004107ac1af8 relative=0x0000000000000058
Event: 2.342 Thread 0x00000041719d8800 Uncommon trap: reason=unstable_if action=reinterpret pc=0x0000004107ac1af8 method=java.lang.String.isLatin1()Z @ 10 c2
Event: 2.342 Thread 0x00000041719d8800 DEOPT PACKING pc=0x0000004107ac1af8 sp=0x0000004171179ec0
Event: 2.342 Thread 0x00000041719d8800 DEOPT UNPACKING pc=0x0000004100028f2f sp=0x0000004171179e50 mode 2
Event: 2.896 Thread 0x000000417f9a4800 DEOPT PACKING pc=0x00000041005c4d7f sp=0x000000410f3fba60
Event: 2.896 Thread 0x000000417f9a4800 DEOPT UNPACKING pc=0x0000004100028d4e sp=0x000000410f3faeb0 mode 0

Classes redefined (0 events):
No events

Internal exceptions (19 events):
Event: 1.118 Thread 0x00000041719d8800 Exception <a 'java/security/PrivilegedActionException'{0x00000000e3a5b870}> (0x00000000e3a5b870) thrown at [c:/cygwin64/tmp/openjdk-jdk11u-windows-x64-hotspot/workspace/build/src/src/hotspot/share/prims/jvm.cpp, line 1297]
Event: 1.118 Thread 0x00000041719d8800 Exception <a 'java/security/PrivilegedActionException'{0x00000000e3a5bde8}> (0x00000000e3a5bde8) thrown at [c:/cygwin64/tmp/openjdk-jdk11u-windows-x64-hotspot/workspace/build/src/src/hotspot/share/prims/jvm.cpp, line 1297]
Event: 1.118 Thread 0x00000041719d8800 Exception <a 'java/security/PrivilegedActionException'{0x00000000e3a5ce20}> (0x00000000e3a5ce20) thrown at [c:/cygwin64/tmp/openjdk-jdk11u-windows-x64-hotspot/workspace/build/src/src/hotspot/share/prims/jvm.cpp, line 1297]
Event: 1.118 Thread 0x00000041719d8800 Exception <a 'java/security/PrivilegedActionException'{0x00000000e3a5d398}> (0x00000000e3a5d398) thrown at [c:/cygwin64/tmp/openjdk-jdk11u-windows-x64-hotspot/workspace/build/src/src/hotspot/share/prims/jvm.cpp, line 1297]
Event: 1.119 Thread 0x00000041719d8800 Exception <a 'java/security/PrivilegedActionException'{0x00000000e3a5e3b8}> (0x00000000e3a5e3b8) thrown at [c:/cygwin64/tmp/openjdk-jdk11u-windows-x64-hotspot/workspace/build/src/src/hotspot/share/prims/jvm.cpp, line 1297]
Event: 1.119 Thread 0x00000041719d8800 Exception <a 'java/security/PrivilegedActionException'{0x00000000e3a5e930}> (0x00000000e3a5e930) thrown at [c:/cygwin64/tmp/openjdk-jdk11u-windows-x64-hotspot/workspace/build/src/src/hotspot/share/prims/jvm.cpp, line 1297]
Event: 1.250 Thread 0x00000041719d8800 Exception <a 'java/security/PrivilegedActionException'{0x00000000e33b0598}> (0x00000000e33b0598) thrown at [c:/cygwin64/tmp/openjdk-jdk11u-windows-x64-hotspot/workspace/build/src/src/hotspot/share/prims/jvm.cpp, line 1297]
Event: 1.250 Thread 0x00000041719d8800 Exception <a 'java/security/PrivilegedActionException'{0x00000000e33b0b10}> (0x00000000e33b0b10) thrown at [c:/cygwin64/tmp/openjdk-jdk11u-windows-x64-hotspot/workspace/build/src/src/hotspot/share/prims/jvm.cpp, line 1297]
Event: 1.536 Thread 0x00000041719d8800 Exception <a 'java/lang/NoSuchMethodError'{0x00000000e3e28188}: <clinit>> (0x00000000e3e28188) thrown at [c:/cygwin64/tmp/openjdk-jdk11u-windows-x64-hotspot/workspace/build/src/src/hotspot/share/prims/jni.cpp, line 1362]
Event: 1.546 Thread 0x00000041719d8800 Exception <a 'java/lang/NoSuchMethodError'{0x00000000e3e30e68}: <clinit>> (0x00000000e3e30e68) thrown at [c:/cygwin64/tmp/openjdk-jdk11u-windows-x64-hotspot/workspace/build/src/src/hotspot/share/prims/jni.cpp, line 1362]
Event: 1.550 Thread 0x00000041719d8800 Exception <a 'java/lang/NoSuchMethodError'{0x00000000e3e39f70}: <clinit>> (0x00000000e3e39f70) thrown at [c:/cygwin64/tmp/openjdk-jdk11u-windows-x64-hotspot/workspace/build/src/src/hotspot/share/prims/jni.cpp, line 1362]
Event: 1.771 Thread 0x00000041719d8800 Exception <a 'java/lang/NoSuchMethodError'{0x00000000e3c08968}: 'java.lang.Object java.lang.invoke.DirectMethodHandle$Holder.invokeVirtual(java.lang.Object, java.lang.Object, java.lang.Object, java.lang.Object, java.lang.Object)'> (0x00000000e3c08968) thr
Event: 1.866 Thread 0x00000041719d8800 Exception <a 'java/lang/NoSuchMethodError'{0x00000000e3b2e410}: 'java.lang.Object java.lang.invoke.DirectMethodHandle$Holder.invokeStaticInit(java.lang.Object, int, int, int, int)'> (0x00000000e3b2e410) thrown at [c:/cygwin64/tmp/openjdk-jdk11u-windows-x6
Event: 2.369 Thread 0x00000041719d8800 Exception <a 'java/lang/NoSuchMethodError'{0x00000000e3b8c718}: 'java.lang.Object java.lang.invoke.DirectMethodHandle$Holder.invokeStaticInit(java.lang.Object, java.lang.Object, int, int, int, int)'> (0x00000000e3b8c718) thrown at [c:/cygwin64/tmp/openjdk
Event: 2.741 Thread 0x000000417f9a4800 Exception <a 'java/lang/NoSuchMethodError'{0x00000000e38c8a40}: 'int java.lang.invoke.DirectMethodHandle$Holder.invokeVirtual(java.lang.Object, java.lang.Object)'> (0x00000000e38c8a40) thrown at [c:/cygwin64/tmp/openjdk-jdk11u-windows-x64-hotspot/workspac
Event: 2.848 Thread 0x000000417f9a4800 Exception <a 'java/lang/NoSuchMethodError'{0x00000000e37359b8}: 'java.lang.Object java.lang.invoke.DirectMethodHandle$Holder.invokeStaticInit(java.lang.Object, int)'> (0x00000000e37359b8) thrown at [c:/cygwin64/tmp/openjdk-jdk11u-windows-x64-hotspot/works
Event: 2.909 Thread 0x000000417f9a4800 Exception <a 'java/lang/NoSuchMethodError'{0x00000000e37d6ab0}: 'int java.lang.invoke.DirectMethodHandle$Holder.invokeSpecialIFC(java.lang.Object, java.lang.Object, java.lang.Object, java.lang.Object)'> (0x00000000e37d6ab0) thrown at [c:/cygwin64/tmp/open
Event: 2.986 Thread 0x000000417f9a4800 Exception <a 'java/lang/NoSuchMethodError'{0x00000000e3f867c0}: 'void java.lang.invoke.DirectMethodHandle$Holder.invokeInterface(java.lang.Object, java.lang.Object)'> (0x00000000e3f867c0) thrown at [c:/cygwin64/tmp/openjdk-jdk11u-windows-x64-hotspot/works
Event: 2.987 Thread 0x000000417f9a4800 Exception <a 'java/lang/IncompatibleClassChangeError'{0x00000000e3f896c8}: Found class java.lang.Object, but interface was expected> (0x00000000e3f896c8) thrown at [c:/cygwin64/tmp/openjdk-jdk11u-windows-x64-hotspot/workspace/build/src/src/hotspot/share/i

Events (20 events):
Event: 3.003 loading class org/junit/platform/engine/DiscoverySelector
Event: 3.003 loading class org/junit/platform/engine/DiscoverySelector done
Event: 3.007 loading class org/junit/platform/engine/discovery/UniqueIdSelector
Event: 3.007 loading class org/junit/platform/engine/discovery/UniqueIdSelector done
Event: 3.008 loading class org/junit/platform/engine/DiscoverySelector
Event: 3.008 loading class org/junit/platform/engine/DiscoverySelector done
Event: 3.008 loading class org/junit/platform/engine/support/discovery/SelectorResolver$Resolution
Event: 3.008 loading class org/junit/platform/engine/support/discovery/SelectorResolver$Resolution done
Event: 3.010 loading class org/junit/platform/engine/support/discovery/SelectorResolver
Event: 3.010 loading class org/junit/platform/engine/support/discovery/SelectorResolver done
Event: 3.010 loading class org/junit/platform/engine/support/discovery/EngineDiscoveryRequestResolution
Event: 3.010 loading class org/junit/platform/engine/support/discovery/EngineDiscoveryRequestResolution done
Event: 3.011 loading class org/junit/platform/engine/support/discovery/SelectorResolver$Resolution
Event: 3.011 loading class org/junit/platform/engine/support/discovery/SelectorResolver$Resolution done
Event: 3.013 loading class org/junit/platform/engine/discovery/ClasspathResourceSelector
Event: 3.013 loading class org/junit/platform/engine/discovery/ClasspathResourceSelector done
Event: 3.014 loading class org/junit/platform/engine/discovery/ClasspathRootSelector
Event: 3.014 loading class org/junit/platform/engine/discovery/ClasspathRootSelector done
Event: 3.020 loading class org/junit/platform/commons/util/ReflectionUtils
Event: 3.020 loading class org/junit/platform/commons/util/ReflectionUtils done


Dynamic libraries:
0x00007ff61a2e0000 - 0x00007ff61a2ed000 	C:\Program Files\AdoptOpenJDK\jdk-11.0.6.10-hotspot\bin\java.exe
0x00007ff884950000 - 0x00007ff884afd000 	C:\Windows\SYSTEM32\ntdll.dll
0x00007ff884560000 - 0x00007ff88469f000 	C:\Windows\system32\KERNEL32.DLL
0x00007ff881ec0000 - 0x00007ff881fd5000 	C:\Windows\system32\KERNELBASE.dll
0x00007ff874280000 - 0x00007ff874297000 	C:\Program Files\AdoptOpenJDK\jdk-11.0.6.10-hotspot\bin\jli.dll
0x00007ff874080000 - 0x00007ff874096000 	C:\Program Files\AdoptOpenJDK\jdk-11.0.6.10-hotspot\bin\VCRUNTIME140.dll
0x00007ff877450000 - 0x00007ff877454000 	C:\Program Files\AdoptOpenJDK\jdk-11.0.6.10-hotspot\bin\api-ms-win-crt-stdio-l1-1-0.dll
0x00007ff8757d0000 - 0x00007ff8757d4000 	C:\Program Files\AdoptOpenJDK\jdk-11.0.6.10-hotspot\bin\api-ms-win-crt-runtime-l1-1-0.dll
0x00007ff875660000 - 0x00007ff875663000 	C:\Program Files\AdoptOpenJDK\jdk-11.0.6.10-hotspot\bin\api-ms-win-crt-environment-l1-1-0.dll
0x00007ff875540000 - 0x00007ff875545000 	C:\Program Files\AdoptOpenJDK\jdk-11.0.6.10-hotspot\bin\api-ms-win-crt-math-l1-1-0.dll
0x00007ff874fb0000 - 0x00007ff874fb3000 	C:\Program Files\AdoptOpenJDK\jdk-11.0.6.10-hotspot\bin\api-ms-win-crt-locale-l1-1-0.dll
0x00007ff8747d0000 - 0x00007ff8747d3000 	C:\Program Files\AdoptOpenJDK\jdk-11.0.6.10-hotspot\bin\api-ms-win-crt-heap-l1-1-0.dll
0x00007ff87f2d0000 - 0x00007ff87f54b000 	C:\Windows\WinSxS\amd64_microsoft.windows.common-controls_6595b64144ccf1df_6.0.9600.19394_none_62486577ecb635cf\COMCTL32.dll
0x00007ff8825e0000 - 0x00007ff882757000 	C:\Windows\system32\USER32.dll
0x00007ff874790000 - 0x00007ff874793000 	C:\Program Files\AdoptOpenJDK\jdk-11.0.6.10-hotspot\bin\api-ms-win-crt-filesystem-l1-1-0.dll
0x00007ff874320000 - 0x00007ff874324000 	C:\Program Files\AdoptOpenJDK\jdk-11.0.6.10-hotspot\bin\api-ms-win-crt-string-l1-1-0.dll
0x00007ff874160000 - 0x00007ff874164000 	C:\Program Files\AdoptOpenJDK\jdk-11.0.6.10-hotspot\bin\api-ms-win-crt-convert-l1-1-0.dll
0x00007ff883ec0000 - 0x00007ff883f6a000 	C:\Windows\system32\msvcrt.dll
0x00007ff883fd0000 - 0x00007ff88411c000 	C:\Windows\system32\GDI32.dll
0x00007ff862d90000 - 0x00007ff862e8a000 	C:\Program Files\AdoptOpenJDK\jdk-11.0.6.10-hotspot\bin\ucrtbase.DLL
0x00007ff883e60000 - 0x00007ff883e96000 	C:\Windows\system32\IMM32.DLL
0x00007ff884120000 - 0x00007ff884271000 	C:\Windows\system32\MSCTF.dll
0x00007ff865130000 - 0x00007ff8651cb000 	C:\Program Files\AdoptOpenJDK\jdk-11.0.6.10-hotspot\bin\msvcp140.dll
0x00007ff874000000 - 0x00007ff874003000 	C:\Program Files\AdoptOpenJDK\jdk-11.0.6.10-hotspot\bin\api-ms-win-crt-time-l1-1-0.dll
0x00007ff873f80000 - 0x00007ff873f83000 	C:\Program Files\AdoptOpenJDK\jdk-11.0.6.10-hotspot\bin\api-ms-win-crt-utility-l1-1-0.dll
0x00007ff85bd90000 - 0x00007ff85c84c000 	C:\Program Files\AdoptOpenJDK\jdk-11.0.6.10-hotspot\bin\server\jvm.dll
0x00007ff882330000 - 0x00007ff8823da000 	C:\Windows\system32\ADVAPI32.dll
0x00007ff87d920000 - 0x00007ff87d929000 	C:\Windows\SYSTEM32\WSOCK32.dll
0x00007ff8731f0000 - 0x00007ff873212000 	C:\Windows\SYSTEM32\WINMM.dll
0x00007ff879240000 - 0x00007ff87924a000 	C:\Windows\SYSTEM32\VERSION.dll
0x00007ff883c90000 - 0x00007ff883c97000 	C:\Windows\system32\PSAPI.DLL
0x00007ff884280000 - 0x00007ff8842d9000 	C:\Windows\SYSTEM32\sechost.dll
0x00007ff883cc0000 - 0x00007ff883e00000 	C:\Windows\system32\RPCRT4.dll
0x00007ff883e00000 - 0x00007ff883e5a000 	C:\Windows\system32\WS2_32.dll
0x00007ff8731c0000 - 0x00007ff8731ea000 	C:\Windows\SYSTEM32\WINMMBASE.dll
0x00007ff881b50000 - 0x00007ff881b7e000 	C:\Windows\system32\SspiCli.dll
0x00007ff883ea0000 - 0x00007ff883ea9000 	C:\Windows\system32\NSI.dll
0x00007ff881e10000 - 0x00007ff881e5f000 	C:\Windows\SYSTEM32\cfgmgr32.dll
0x00007ff8808c0000 - 0x00007ff8808e8000 	C:\Windows\SYSTEM32\DEVOBJ.dll
0x00007ff873f70000 - 0x00007ff873f80000 	C:\Program Files\AdoptOpenJDK\jdk-11.0.6.10-hotspot\bin\verify.dll
0x00007ff87c570000 - 0x00007ff87c6f9000 	C:\Windows\SYSTEM32\DBGHELP.DLL
0x00007ff8736e0000 - 0x00007ff873708000 	C:\Program Files\AdoptOpenJDK\jdk-11.0.6.10-hotspot\bin\java.dll
0x00007ff873bf0000 - 0x00007ff873c07000 	C:\Program Files\AdoptOpenJDK\jdk-11.0.6.10-hotspot\bin\zip.dll
0x00007ff873f60000 - 0x00007ff873f6a000 	C:\Program Files\AdoptOpenJDK\jdk-11.0.6.10-hotspot\bin\jimage.dll
0x00007ff882760000 - 0x00007ff883c8a000 	C:\Windows\system32\SHELL32.dll
0x00007ff881fe0000 - 0x00007ff8821f0000 	C:\Windows\SYSTEM32\combase.dll
0x00007ff8823e0000 - 0x00007ff882434000 	C:\Windows\system32\SHLWAPI.dll
0x00007ff87fdf0000 - 0x00007ff87fea2000 	C:\Windows\SYSTEM32\SHCORE.dll
0x00007ff881a80000 - 0x00007ff881a95000 	C:\Windows\SYSTEM32\profapi.dll
0x00007ff8737b0000 - 0x00007ff8737c9000 	C:\Program Files\AdoptOpenJDK\jdk-11.0.6.10-hotspot\bin\net.dll
0x00007ff87cab0000 - 0x00007ff87cb79000 	C:\Windows\SYSTEM32\WINHTTP.dll
0x00007ff881260000 - 0x00007ff8812b9000 	C:\Windows\system32\mswsock.dll
0x00007ff86dfb0000 - 0x00007ff86dfc2000 	C:\Program Files\AdoptOpenJDK\jdk-11.0.6.10-hotspot\bin\nio.dll
0x00007ff8812c0000 - 0x00007ff8812e0000 	C:\Windows\SYSTEM32\CRYPTSP.dll
0x00007ff8810a0000 - 0x00007ff8810d6000 	C:\Windows\system32\rsaenh.dll
0x00007ff881560000 - 0x00007ff881586000 	C:\Windows\SYSTEM32\bcrypt.dll
0x00007ff8812f0000 - 0x00007ff881311000 	C:\Windows\SYSTEM32\USERENV.dll
0x00007ff881880000 - 0x00007ff8818e3000 	C:\Windows\system32\bcryptprimitives.dll
0x00007ff8819f0000 - 0x00007ff8819fb000 	C:\Windows\SYSTEM32\CRYPTBASE.dll
0x00007ff87f020000 - 0x00007ff87f04a000 	C:\Windows\SYSTEM32\IPHLPAPI.DLL
0x00007ff87f000000 - 0x00007ff87f00a000 	C:\Windows\SYSTEM32\WINNSI.DLL
0x00007ff87eac0000 - 0x00007ff87ead6000 	C:\Windows\SYSTEM32\dhcpcsvc6.DLL
0x00007ff87ed40000 - 0x00007ff87ed5a000 	C:\Windows\SYSTEM32\dhcpcsvc.DLL

dbghelp: loaded successfully - version: 4.0.5 - missing functions: none
symbol engine: initialized successfully - sym options: 0x614 - pdb path: .;C:\Program Files\AdoptOpenJDK\jdk-11.0.6.10-hotspot\bin;C:\Windows\SYSTEM32;C:\Windows\WinSxS\amd64_microsoft.windows.common-controls_6595b64144ccf1df_6.0.9600.19394_none_62486577ecb635cf;C:\Program Files\AdoptOpenJDK\jdk-11.0.6.10-hotspot\bin\server

VM Arguments:
jvm_args: -Dapp.url=http://localhost:8080 -Ddb.url -Dlogin=user -Dorg.gradle.native=false -Dpassword=pass -Dselenide.headless -Xmx512m -Dfile.encoding=windows-1251 -Duser.country=RU -Duser.language=ru -Duser.variant -ea 
java_command: worker.org.gradle.process.internal.worker.GradleWorkerMain 'Gradle Test Executor 1'
java_class_path (initial): C:\\Users\\user\\.gradle\\caches\\5.2.1\\workerMain\\gradle-worker.jar;C:\\Users\\user\\Diploma\\Diploma\\build\\classes\\java\\test;C:\\Users\\user\\Diploma\\Diploma\\build\\resources\\test;C:\\Users\\user\\Diploma\\Diploma\\build\\classes\\java\\main;C:\\Users\\user\\Diploma\\Diploma\\build\\resources\\main;C:\\Users\\user\\.gradle\\caches\\modules-2\\files-2.1\\org.slf4j\\slf4j-log4j12\\1.7.25\\110cefe2df103412849d72ef7a67e4e91e4266b4\\slf4j-log4j12-1.7.25.jar;C:\\Users\\user\\.gradle\\caches\\modules-2\\files-2.1\\org.junit.jupiter\\junit-jupiter\\5.5.1\\4e3393c2238d1cf48d29b3c79f0c0928e873bc11\\junit-jupiter-5.5.1.jar;C:\\Users\\user\\.gradle\\caches\\modules-2\\files-2.1\\io.qameta.allure\\allure-selenide\\2.13.3\\9383597428520436ed1fb15164754be7189f7119\\allure-selenide-2.13.3.jar;C:\\Users\\user\\.gradle\\caches\\modules-2\\files-2.1\\com.codeborne\\selenide\\5.11.0\\b846b67bdd84fe74bcb3119678b780856704c4d3\\selenide-5.11.0.jar;C:\\Users\\user\\.gradle\\caches\\modules-2\\files-2.1\\com.github.javafaker\\javafaker\\1.0.1\\c7771828b7374a0636aa125d23e3c77678497cd\\javafaker-1.0.1.jar;C:\\Users\\user\\.gradle\\caches\\modules-2\\files-2.1\\io.qameta.allure\\allure-rest-assured\\2.13.2\\2af7469969bacd9bcda26c01abe1f07574b93198\\allure-rest-assured-2.13.2.jar;C:\\Users\\user\\.gradle\\caches\\modules-2\\files-2.1\\io.rest-assured\\rest-assured\\4.3.0\\c85756689126b10001aab7ff9e9d8851e3313b2d\\rest-assured-4.3.0.jar;C:\\Users\\user\\.gradle\\caches\\modules-2\\files-2.1\\io.github.bonigarcia\\webdrivermanager\\3.8.1\\1e780e08d36d4db7d4f9576f44867d58d2b21553\\webdrivermanager-3.8.1.jar;C:\\Users\\user\\.gradle\\caches\\modules-2\\files-2.1\\com.google.code.gson\\gson\\2.8.6\\9180733b7df8542621dc12e21e87557e8c99b8cb\\gson-2.8.6.jar;C:\\Users\\user\\.gradle\\caches\\modules-2\\files-2.1\\io.rest-assured\\json-schema-validator\\4.3.0\\56ca9c2ca92b5063f977a27abe5d1d9cae28f1ce\\json-schema-validator-4.3.0.jar;C:\\Users\\user\\.gradle\\caches
Launcher Type: SUN_STANDARD

[Global flags]
     intx CICompilerCount                          = 3                                         {product} {ergonomic}
     uint ConcGCThreads                            = 1                                         {product} {ergonomic}
     uint G1ConcRefinementThreads                  = 4                                         {product} {ergonomic}
   size_t G1HeapRegionSize                         = 1048576                                   {product} {ergonomic}
    uintx GCDrainStackTargetSize                   = 64                                        {product} {ergonomic}
   size_t InitialHeapSize                          = 67108864                                  {product} {ergonomic}
   size_t MarkStackSize                            = 4194304                                   {product} {ergonomic}
   size_t MaxHeapSize                              = 536870912                                 {product} {command line}
   size_t MaxNewSize                               = 321912832                                 {product} {ergonomic}
   size_t MinHeapDeltaBytes                        = 1048576                                   {product} {ergonomic}
    uintx NonNMethodCodeHeapSize                   = 5830732                                {pd product} {ergonomic}
    uintx NonProfiledCodeHeapSize                  = 122913754                              {pd product} {ergonomic}
    uintx ProfiledCodeHeapSize                     = 122913754                              {pd product} {ergonomic}
    uintx ReservedCodeCacheSize                    = 251658240                              {pd product} {ergonomic}
     bool SegmentedCodeCache                       = true                                      {product} {ergonomic}
     bool UseCompressedClassPointers               = true                                 {lp64_product} {ergonomic}
     bool UseCompressedOops                        = true                                 {lp64_product} {ergonomic}
     bool UseG1GC                                  = true                                      {product} {ergonomic}
     bool UseLargePagesIndividualAllocation        = false                                  {pd product} {ergonomic}

Logging:
Log output configuration:
 #0: stdout all=warning uptime,level,tags
 #1: stderr all=off uptime,level,tags

Environment Variables:
JAVA_HOME=C:\Program Files\AdoptOpenJDK\jdk-11.0.6.10-hotspot\
CLASSPATH=C:\Users\user\Diploma\Diploma\\gradle\wrapper\gradle-wrapper.jar
PATH=C:\Program Files\AdoptOpenJDK\jdk-11.0.6.10-hotspot\bin;C:\Program Files (x86)\Common Files\Oracle\Java\javapath;C:\Windows\system32;C:\Windows;C:\Windows\System32\Wbem;C:\Windows\System32\WindowsPowerShell\v1.0\;C:\Program Files\dotnet\;C:\Program Files\Git\cmd;C:\Program Files\Microsoft SQL Server\130\Tools\Binn\;C:\Program Files\MySQL\MySQL Utilities 1.6\;C:\Program Files\MySQL\MySQL Shell 8.0\bin\;C:\Program Files (x86)\clisp-2.48;C:\Program Files (x86)\clisp-2.48;C:\Users\user\AppData\Local\Programs\Fiddler;C:\Users\user\AppData\Local\Programs\Microsoft VS Code\bin;C:\Program Files\Docker Toolbox
USERNAME=user
OS=Windows_NT
PROCESSOR_IDENTIFIER=Intel64 Family 6 Model 78 Stepping 3, GenuineIntel



---------------  S Y S T E M  ---------------

OS: Windows 8.1 , 64 bit Build 9600 (6.3.9600.19719)

CPU:total 4 (initial active 4) (2 cores per cpu, 2 threads per core) family 6 model 78 stepping 3, cmov, cx8, fxsr, mmx, sse, sse2, sse3, ssse3, sse4.1, sse4.2, popcnt, avx, avx2, aes, clmul, erms, 3dnowpref, lzcnt, ht, tsc, tscinvbit, bmi1, bmi2, adx, fma

Memory: 4k page, system-wide physical 4012M (478M free)
TotalPageFile size 7554M (AvailPageFile size 5M)
current process WorkingSet (physical memory assigned to process): 72M, peak: 72M
current process commit charge ("private bytes"): 151M, peak: 151M

vm_info: OpenJDK 64-Bit Server VM (11.0.6+10) for windows-amd64 JRE (11.0.6+10), built on Jan 15 2020 06:14:58 by "" with MS VC++ 15.8 (VS2017)

END.
